# JRE version: Java(TM) SE Runtime Environment (8.0_201-b09) (build 1.8.0_201-b09)
# Java VM: Java HotSpot(TM) 64-Bit Server VM (25.201-b09 mixed mode windows-amd64 compressed oops)
Heap:
 PSYoungGen      total 161792K, used 5977K [0x00000000eb200000, 0x00000000f9a00000, 0x0000000100000000)
  eden space 148480K, 1% used [0x00000000eb200000,0x00000000eb4e03a0,0x00000000f4300000)
  from space 13312K, 22% used [0x00000000f4f80000,0x00000000f5276408,0x00000000f5c80000)
  to   space 12800K, 0% used [0x00000000f4300000,0x00000000f4300000,0x00000000f4f80000)
 ParOldGen       total 54784K, used 21258K [0x00000000c1600000, 0x00000000c4b80000, 0x00000000eb200000)
  object space 54784K, 38% used [0x00000000c1600000,0x00000000c2ac2880,0x00000000c4b80000)
 Metaspace       used 37527K, capacity 37936K, committed 38144K, reserved 1083392K
  class space    used 4464K, capacity 4595K, committed 4608K, reserved 1048576K
GC Heap History (10 events):
Event: 913.925 GC heap before
{Heap before GC invocations=18 (full 3):
 PSYoungGen      total 114688K, used 2434K [0x00000000eb200000, 0x00000000f5f00000, 0x0000000100000000)
  eden space 101376K, 0% used [0x00000000eb200000,0x00000000eb200000,0x00000000f1500000)
  from space 13312K, 18% used [0x00000000f1500000,0x00000000f1760a80,0x00000000f2200000)
  to   space 13312K, 0% used [0x00000000f5200000,0x00000000f5200000,0x00000000f5f00000)
 ParOldGen       total 54784K, used 20673K [0x00000000c1600000, 0x00000000c4b80000, 0x00000000eb200000)
  object space 54784K, 37% used [0x00000000c1600000,0x00000000c2a304e8,0x00000000c4b80000)
 Metaspace       used 36882K, capacity 37228K, committed 37632K, reserved 1083392K
  class space    used 4442K, capacity 4560K, committed 4608K, reserved 1048576K
Event: 915.248 GC heap after
Heap after GC invocations=18 (full 3):
 PSYoungGen      total 114688K, used 0K [0x00000000eb200000, 0x00000000f5f00000, 0x0000000100000000)
  eden space 101376K, 0% used [0x00000000eb200000,0x00000000eb200000,0x00000000f1500000)
  from space 13312K, 0% used [0x00000000f1500000,0x00000000f1500000,0x00000000f2200000)
  to   space 13312K, 0% used [0x00000000f5200000,0x00000000f5200000,0x00000000f5f00000)
 ParOldGen       total 54784K, used 21346K [0x00000000c1600000, 0x00000000c4b80000, 0x00000000eb200000)
  object space 54784K, 38% used [0x00000000c1600000,0x00000000c2ad8bd8,0x00000000c4b80000)
 Metaspace       used 36882K, capacity 37228K, committed 37632K, reserved 1083392K
  class space    used 4442K, capacity 4560K, committed 4608K, reserved 1048576K
}
Event: 922.611 GC heap before
{Heap before GC invocations=19 (full 3):
 PSYoungGen      total 114688K, used 101376K [0x00000000eb200000, 0x00000000f5f00000, 0x0000000100000000)
  eden space 101376K, 100% used [0x00000000eb200000,0x00000000f1500000,0x00000000f1500000)
  from space 13312K, 0% used [0x00000000f1500000,0x00000000f1500000,0x00000000f2200000)
  to   space 13312K, 0% used [0x00000000f5200000,0x00000000f5200000,0x00000000f5f00000)
 ParOldGen       total 54784K, used 21346K [0x00000000c1600000, 0x00000000c4b80000, 0x00000000eb200000)
  object space 54784K, 38% used [0x00000000c1600000,0x00000000c2ad8bd8,0x00000000c4b80000)
 Metaspace       used 36983K, capacity 37386K, committed 37888K, reserved 1083392K
  class space    used 4446K, capacity 4565K, committed 4608K, reserved 1048576K
Event: 922.626 GC heap after
Heap after GC invocations=19 (full 3):
 PSYoungGen      total 158720K, used 2425K [0x00000000eb200000, 0x00000000f5c80000, 0x0000000100000000)
  eden space 147968K, 0% used [0x00000000eb200000,0x00000000eb200000,0x00000000f4280000)
  from space 10752K, 22% used [0x00000000f5200000,0x00000000f545e408,0x00000000f5c80000)
  to   space 13312K, 0% used [0x00000000f4280000,0x00000000f4280000,0x00000000f4f80000)
 ParOldGen       total 54784K, used 21354K [0x00000000c1600000, 0x00000000c4b80000, 0x00000000eb200000)
  object space 54784K, 38% used [0x00000000c1600000,0x00000000c2adabd8,0x00000000c4b80000)
 Metaspace       used 36983K, capacity 37386K, committed 37888K, reserved 1083392K
  class space    used 4446K, capacity 4565K, committed 4608K, reserved 1048576K
}
Event: 937.964 GC heap before
{Heap before GC invocations=20 (full 3):
 PSYoungGen      total 158720K, used 62352K [0x00000000eb200000, 0x00000000f5c80000, 0x0000000100000000)
  eden space 147968K, 40% used [0x00000000eb200000,0x00000000eec85f58,0x00000000f4280000)
  from space 10752K, 22% used [0x00000000f5200000,0x00000000f545e408,0x00000000f5c80000)
  to   space 13312K, 0% used [0x00000000f4280000,0x00000000f4280000,0x00000000f4f80000)
 ParOldGen       total 54784K, used 21354K [0x00000000c1600000, 0x00000000c4b80000, 0x00000000eb200000)
  object space 54784K, 38% used [0x00000000c1600000,0x00000000c2adabd8,0x00000000c4b80000)
 Metaspace       used 37310K, capacity 37724K, committed 38144K, reserved 1083392K
  class space    used 4448K, capacity 4569K, committed 4608K, reserved 1048576K
Event: 937.989 GC heap after
Heap after GC invocations=20 (full 3):
 PSYoungGen      total 161280K, used 1344K [0x00000000eb200000, 0x00000000f5c80000, 0x0000000100000000)
  eden space 147968K, 0% used [0x00000000eb200000,0x00000000eb200000,0x00000000f4280000)
  from space 13312K, 10% used [0x00000000f4280000,0x00000000f43d0000,0x00000000f4f80000)
  to   space 13312K, 0% used [0x00000000f4f80000,0x00000000f4f80000,0x00000000f5c80000)
 ParOldGen       total 54784K, used 21882K [0x00000000c1600000, 0x00000000c4b80000, 0x00000000eb200000)
  object space 54784K, 39% used [0x00000000c1600000,0x00000000c2b5ebd8,0x00000000c4b80000)
 Metaspace       used 37310K, capacity 37724K, committed 38144K, reserved 1083392K
  class space    used 4448K, capacity 4569K, committed 4608K, reserved 1048576K
}
Event: 937.989 GC heap before
{Heap before GC invocations=21 (full 4):
 PSYoungGen      total 161280K, used 1344K [0x00000000eb200000, 0x00000000f5c80000, 0x0000000100000000)
  eden space 147968K, 0% used [0x00000000eb200000,0x00000000eb200000,0x00000000f4280000)
  from space 13312K, 10% used [0x00000000f4280000,0x00000000f43d0000,0x00000000f4f80000)
  to   space 13312K, 0% used [0x00000000f4f80000,0x00000000f4f80000,0x00000000f5c80000)
 ParOldGen       total 54784K, used 21882K [0x00000000c1600000, 0x00000000c4b80000, 0x00000000eb200000)
  object space 54784K, 39% used [0x00000000c1600000,0x00000000c2b5ebd8,0x00000000c4b80000)
 Metaspace       used 37310K, capacity 37724K, committed 38144K, reserved 1083392K
  class space    used 4448K, capacity 4569K, committed 4608K, reserved 1048576K
Event: 938.793 GC heap after
Heap after GC invocations=21 (full 4):
 PSYoungGen      total 161280K, used 0K [0x00000000eb200000, 0x00000000f5c80000, 0x0000000100000000)
  eden space 147968K, 0% used [0x00000000eb200000,0x00000000eb200000,0x00000000f4280000)
  from space 13312K, 0% used [0x00000000f4280000,0x00000000f4280000,0x00000000f4f80000)
  to   space 13312K, 0% used [0x00000000f4f80000,0x00000000f4f80000,0x00000000f5c80000)
 ParOldGen       total 54784K, used 21250K [0x00000000c1600000, 0x00000000c4b80000, 0x00000000eb200000)
  object space 54784K, 38% used [0x00000000c1600000,0x00000000c2ac0880,0x00000000c4b80000)
 Metaspace       used 37310K, capacity 37724K, committed 38144K, reserved 1083392K
  class space    used 4448K, capacity 4569K, committed 4608K, reserved 1048576K
}
Event: 949.061 GC heap before
{Heap before GC invocations=22 (full 4):
 PSYoungGen      total 161280K, used 147968K [0x00000000eb200000, 0x00000000f5c80000, 0x0000000100000000)
  eden space 147968K, 100% used [0x00000000eb200000,0x00000000f4280000,0x00000000f4280000)
  from space 13312K, 0% used [0x00000000f4280000,0x00000000f4280000,0x00000000f4f80000)
  to   space 13312K, 0% used [0x00000000f4f80000,0x00000000f4f80000,0x00000000f5c80000)
 ParOldGen       total 54784K, used 21250K [0x00000000c1600000, 0x00000000c4b80000, 0x00000000eb200000)
  object space 54784K, 38% used [0x00000000c1600000,0x00000000c2ac0880,0x00000000c4b80000)
 Metaspace       used 37526K, capacity 37936K, committed 38144K, reserved 1083392K
  class space    used 4464K, capacity 4595K, committed 4608K, reserved 1048576K
Event: 949.113 GC heap after
Heap after GC invocations=22 (full 4):
 PSYoungGen      total 161792K, used 3033K [0x00000000eb200000, 0x00000000f9a00000, 0x0000000100000000)
  eden space 148480K, 0% used [0x00000000eb200000,0x00000000eb200000,0x00000000f4300000)
  from space 13312K, 22% used [0x00000000f4f80000,0x00000000f5276408,0x00000000f5c80000)
  to   space 12800K, 0% used [0x00000000f4300000,0x00000000f4300000,0x00000000f4f80000)
 ParOldGen       total 54784K, used 21258K [0x00000000c1600000, 0x00000000c4b80000, 0x00000000eb200000)
  object space 54784K, 38% used [0x00000000c1600000,0x00000000c2ac2880,0x00000000c4b80000)
 Metaspace       used 37526K, capacity 37936K, committed 38144K, reserved 1083392K
  class space    used 4464K, capacity 4595K, committed 4608K, reserved 1048576K
}

